2022-08-09 18:32:19 INFO  HotelServiceImpl:48 - Transaccion activa Service: false
2022-08-09 18:32:19 INFO  HotelRepositoryImpl:87 - Transaccion activa: true
2022-08-09 18:32:39 INFO  HotelServiceImpl:48 - Transaccion activa Service: false
2022-08-09 19:41:50 INFO  HotelServiceImpl:48 - Transaccion activa Service: false
2022-08-09 19:48:57 INFO  CuentaBancariaRepositoryImpl:35 - Transaccion activa: false
2022-08-09 19:48:57 INFO  CuentaBancariaRepositoryImpl:35 - Transaccion activa: false
2022-08-09 19:49:05 INFO  CuentaBancariaRepositoryImpl:35 - Transaccion activa: false
2022-08-09 19:49:05 INFO  CuentaBancariaRepositoryImpl:35 - Transaccion activa: false
2022-08-09 19:53:17 INFO  CuentaBancariaRepositoryImpl:35 - Transaccion activa: false
2022-08-09 19:53:17 INFO  CuentaBancariaRepositoryImpl:35 - Transaccion activa: false
2022-08-09 19:56:26 INFO  CuentaBancariaRepositoryImpl:35 - Transaccion activa: false
2022-08-09 19:56:26 INFO  CuentaBancariaRepositoryImpl:35 - Transaccion activa: false
2022-08-09 20:02:27 INFO  CuentaBancariaRepositoryImpl:35 - Transaccion activa: false
2022-08-09 20:02:27 INFO  CuentaBancariaRepositoryImpl:35 - Transaccion activa: false
2022-08-14 18:07:17 INFO  CuentaBancariaRepositoryImpl:35 - Transaccion activa: false
2022-08-14 18:07:17 INFO  CuentaBancariaRepositoryImpl:35 - Transaccion activa: false
2022-08-14 18:07:17 INFO  CuentaBancariaRepositoryImpl:35 - Transaccion activa: false
2022-08-14 18:07:17 INFO  CuentaBancariaRepositoryImpl:35 - Transaccion activa: false
2022-08-14 18:07:17 INFO  CuentaBancariaRepositoryImpl:35 - Transaccion activa: false
2022-08-14 18:07:17 INFO  CuentaBancariaRepositoryImpl:35 - Transaccion activa: false
2022-08-14 18:09:57 INFO  CuentaBancariaRepositoryImpl:35 - Transaccion activa: false
2022-08-14 18:09:57 INFO  CuentaBancariaRepositoryImpl:35 - Transaccion activa: false
2022-08-14 18:10:29 INFO  CuentaBancariaRepositoryImpl:35 - Transaccion activa: false
2022-08-14 18:10:29 INFO  CuentaBancariaRepositoryImpl:35 - Transaccion activa: false
2022-08-14 18:36:28 INFO  CuentaBancariaRepositoryImpl:35 - Transaccion activa: false
2022-08-14 18:36:29 INFO  CuentaBancariaRepositoryImpl:35 - Transaccion activa: false
2022-08-14 18:36:29 INFO  CuentaBancariaRepositoryImpl:35 - Transaccion activa: false
2022-08-14 18:36:29 INFO  CuentaBancariaRepositoryImpl:35 - Transaccion activa: false
2022-08-14 18:36:29 INFO  CuentaBancariaRepositoryImpl:35 - Transaccion activa: false
2022-08-14 18:36:29 INFO  CuentaBancariaRepositoryImpl:35 - Transaccion activa: false
2022-08-14 19:31:39 INFO  CuentaBancariaRepositoryImpl:35 - Transaccion activa: false
2022-08-14 19:31:39 INFO  CuentaBancariaRepositoryImpl:35 - Transaccion activa: false
2022-08-14 19:31:39 INFO  CuentaBancariaRepositoryImpl:35 - Transaccion activa: false
2022-08-14 19:31:39 INFO  CuentaBancariaRepositoryImpl:35 - Transaccion activa: false
2022-08-14 19:31:39 INFO  CuentaBancariaRepositoryImpl:35 - Transaccion activa: false
2022-08-14 19:31:39 INFO  CuentaBancariaRepositoryImpl:35 - Transaccion activa: false
2022-08-14 19:32:40 INFO  CuentaBancariaRepositoryImpl:35 - Transaccion activa: false
2022-08-14 19:32:40 INFO  CuentaBancariaRepositoryImpl:35 - Transaccion activa: false
2022-08-14 19:32:40 INFO  CuentaBancariaRepositoryImpl:35 - Transaccion activa: false
2022-08-14 19:32:40 INFO  CuentaBancariaRepositoryImpl:35 - Transaccion activa: false
2022-08-14 19:32:40 INFO  CuentaBancariaRepositoryImpl:35 - Transaccion activa: false
2022-08-14 19:32:40 INFO  CuentaBancariaRepositoryImpl:35 - Transaccion activa: false
2022-08-14 22:54:39 INFO  CuentaBancariaRepositoryImpl:35 - Transaccion activa: false
2022-08-14 22:54:39 INFO  CuentaBancariaRepositoryImpl:35 - Transaccion activa: false
2022-08-14 22:54:39 INFO  CuentaBancariaRepositoryImpl:35 - Transaccion activa: false
2022-08-14 22:54:39 INFO  CuentaBancariaRepositoryImpl:35 - Transaccion activa: false
2022-08-14 22:54:39 INFO  CuentaBancariaRepositoryImpl:35 - Transaccion activa: false
2022-08-14 22:54:39 INFO  CuentaBancariaRepositoryImpl:35 - Transaccion activa: false
2022-08-14 22:55:48 INFO  CuentaBancariaRepositoryImpl:35 - Transaccion activa: false
2022-08-14 22:55:48 INFO  CuentaBancariaRepositoryImpl:35 - Transaccion activa: false
2022-08-14 22:55:48 INFO  CuentaBancariaRepositoryImpl:35 - Transaccion activa: false
2022-08-14 22:55:48 INFO  CuentaBancariaRepositoryImpl:35 - Transaccion activa: false
2022-08-14 22:55:48 INFO  CuentaBancariaRepositoryImpl:35 - Transaccion activa: false
2022-08-14 22:55:48 INFO  CuentaBancariaRepositoryImpl:35 - Transaccion activa: false
2022-08-14 22:56:26 INFO  CuentaBancariaRepositoryImpl:35 - Transaccion activa: false
2022-08-14 22:56:26 INFO  CuentaBancariaRepositoryImpl:35 - Transaccion activa: false
2022-08-14 22:56:26 INFO  CuentaBancariaRepositoryImpl:35 - Transaccion activa: false
2022-08-14 22:56:26 INFO  CuentaBancariaRepositoryImpl:35 - Transaccion activa: false
2022-08-14 22:56:26 INFO  CuentaBancariaRepositoryImpl:35 - Transaccion activa: false
2022-08-14 22:56:26 INFO  CuentaBancariaRepositoryImpl:35 - Transaccion activa: false
2022-08-14 23:01:51 INFO  CuentaBancariaRepositoryImpl:35 - Transaccion activa: false
2022-08-14 23:01:52 INFO  CuentaBancariaRepositoryImpl:35 - Transaccion activa: false
2022-08-14 23:01:52 INFO  CuentaBancariaRepositoryImpl:35 - Transaccion activa: false
2022-08-14 23:01:52 INFO  CuentaBancariaRepositoryImpl:35 - Transaccion activa: false
2022-08-14 23:01:52 INFO  CuentaBancariaRepositoryImpl:35 - Transaccion activa: false
2022-08-14 23:01:52 INFO  CuentaBancariaRepositoryImpl:35 - Transaccion activa: false
2022-08-14 23:02:11 INFO  CuentaBancariaRepositoryImpl:35 - Transaccion activa: false
2022-08-14 23:02:11 INFO  CuentaBancariaRepositoryImpl:35 - Transaccion activa: false
2022-08-14 23:02:11 INFO  CuentaBancariaRepositoryImpl:35 - Transaccion activa: false
2022-08-14 23:02:11 INFO  CuentaBancariaRepositoryImpl:35 - Transaccion activa: false
2022-08-14 23:02:11 INFO  CuentaBancariaRepositoryImpl:35 - Transaccion activa: false
2022-08-14 23:02:11 INFO  CuentaBancariaRepositoryImpl:35 - Transaccion activa: false
2022-08-14 23:10:21 INFO  CuentaBancariaRepositoryImpl:35 - Transaccion activa: false
2022-08-14 23:10:21 INFO  CuentaBancariaRepositoryImpl:35 - Transaccion activa: false
2022-08-14 23:10:21 INFO  CuentaBancariaRepositoryImpl:35 - Transaccion activa: false
2022-08-14 23:10:21 INFO  CuentaBancariaRepositoryImpl:35 - Transaccion activa: false
2022-08-14 23:10:21 INFO  CuentaBancariaRepositoryImpl:35 - Transaccion activa: false
2022-08-14 23:10:21 INFO  CuentaBancariaRepositoryImpl:35 - Transaccion activa: false
2022-08-14 23:10:40 INFO  CuentaBancariaRepositoryImpl:35 - Transaccion activa: false
2022-08-14 23:10:40 INFO  CuentaBancariaRepositoryImpl:35 - Transaccion activa: false
2022-08-14 23:10:40 INFO  CuentaBancariaRepositoryImpl:35 - Transaccion activa: false
2022-08-14 23:10:40 INFO  CuentaBancariaRepositoryImpl:35 - Transaccion activa: false
2022-08-14 23:10:40 INFO  CuentaBancariaRepositoryImpl:35 - Transaccion activa: false
2022-08-14 23:10:40 INFO  CuentaBancariaRepositoryImpl:35 - Transaccion activa: false
2022-08-14 23:12:03 INFO  CuentaBancariaRepositoryImpl:35 - Transaccion activa: false
2022-08-14 23:12:03 INFO  CuentaBancariaRepositoryImpl:35 - Transaccion activa: false
2022-08-14 23:12:03 INFO  CuentaBancariaRepositoryImpl:35 - Transaccion activa: false
2022-08-14 23:12:03 INFO  CuentaBancariaRepositoryImpl:35 - Transaccion activa: false
2022-08-14 23:12:03 INFO  CuentaBancariaRepositoryImpl:35 - Transaccion activa: false
2022-08-14 23:12:03 INFO  CuentaBancariaRepositoryImpl:35 - Transaccion activa: false
2022-08-14 23:12:21 INFO  CuentaBancariaRepositoryImpl:35 - Transaccion activa: false
2022-08-14 23:12:21 INFO  CuentaBancariaRepositoryImpl:35 - Transaccion activa: false
2022-08-14 23:12:21 INFO  CuentaBancariaRepositoryImpl:35 - Transaccion activa: false
2022-08-14 23:12:21 INFO  CuentaBancariaRepositoryImpl:35 - Transaccion activa: false
2022-08-14 23:12:21 INFO  CuentaBancariaRepositoryImpl:35 - Transaccion activa: false
2022-08-14 23:12:21 INFO  CuentaBancariaRepositoryImpl:35 - Transaccion activa: false
2022-08-14 23:13:21 INFO  CuentaBancariaRepositoryImpl:35 - Transaccion activa: false
2022-08-14 23:13:21 INFO  CuentaBancariaRepositoryImpl:35 - Transaccion activa: false
2022-08-14 23:13:21 INFO  CuentaBancariaRepositoryImpl:35 - Transaccion activa: false
2022-08-14 23:13:21 INFO  CuentaBancariaRepositoryImpl:35 - Transaccion activa: false
2022-08-14 23:13:21 INFO  CuentaBancariaRepositoryImpl:35 - Transaccion activa: false
2022-08-14 23:13:21 INFO  CuentaBancariaRepositoryImpl:35 - Transaccion activa: false
2022-08-14 23:14:01 INFO  CuentaBancariaRepositoryImpl:35 - Transaccion activa: false
2022-08-14 23:14:01 INFO  CuentaBancariaRepositoryImpl:35 - Transaccion activa: false
2022-08-14 23:14:01 INFO  CuentaBancariaRepositoryImpl:35 - Transaccion activa: false
2022-08-14 23:14:01 INFO  CuentaBancariaRepositoryImpl:35 - Transaccion activa: false
2022-08-14 23:14:01 INFO  CuentaBancariaRepositoryImpl:35 - Transaccion activa: false
2022-08-14 23:14:01 INFO  CuentaBancariaRepositoryImpl:35 - Transaccion activa: false
2022-08-14 23:14:16 INFO  CuentaBancariaRepositoryImpl:35 - Transaccion activa: false
2022-08-14 23:14:17 INFO  CuentaBancariaRepositoryImpl:35 - Transaccion activa: false
2022-08-14 23:14:17 INFO  CuentaBancariaRepositoryImpl:35 - Transaccion activa: false
2022-08-14 23:14:17 INFO  CuentaBancariaRepositoryImpl:35 - Transaccion activa: false
2022-08-14 23:14:17 INFO  CuentaBancariaRepositoryImpl:35 - Transaccion activa: false
2022-08-14 23:14:17 INFO  CuentaBancariaRepositoryImpl:35 - Transaccion activa: false
2022-08-14 23:14:49 INFO  CuentaBancariaRepositoryImpl:35 - Transaccion activa: false
2022-08-14 23:14:49 INFO  CuentaBancariaRepositoryImpl:35 - Transaccion activa: false
2022-08-14 23:14:49 INFO  CuentaBancariaRepositoryImpl:35 - Transaccion activa: false
2022-08-14 23:14:49 INFO  CuentaBancariaRepositoryImpl:35 - Transaccion activa: false
2022-08-14 23:14:49 INFO  CuentaBancariaRepositoryImpl:35 - Transaccion activa: false
2022-08-14 23:14:49 INFO  CuentaBancariaRepositoryImpl:35 - Transaccion activa: false
2022-08-15 11:15:25 INFO  CuentaBancariaRepositoryImpl:35 - Transaccion activa: false
2022-08-15 11:15:25 INFO  CuentaBancariaRepositoryImpl:35 - Transaccion activa: false
2022-08-15 11:15:25 INFO  CuentaBancariaRepositoryImpl:35 - Transaccion activa: false
2022-08-15 11:15:25 INFO  CuentaBancariaRepositoryImpl:35 - Transaccion activa: false
2022-08-15 11:15:25 INFO  CuentaBancariaRepositoryImpl:35 - Transaccion activa: false
2022-08-15 11:15:25 INFO  CuentaBancariaRepositoryImpl:35 - Transaccion activa: false
2022-08-15 11:15:25 INFO  CuentaBancariaRepositoryImpl:35 - Transaccion activa: false
2022-08-15 11:15:25 INFO  CuentaBancariaRepositoryImpl:35 - Transaccion activa: false
2022-08-15 11:15:25 INFO  CuentaBancariaRepositoryImpl:35 - Transaccion activa: false
2022-08-15 11:15:25 INFO  CuentaBancariaRepositoryImpl:35 - Transaccion activa: false
2022-08-15 11:15:25 INFO  CuentaBancariaRepositoryImpl:35 - Transaccion activa: false
2022-08-15 11:15:25 INFO  CuentaBancariaRepositoryImpl:35 - Transaccion activa: false
2022-08-15 11:15:35 INFO  CuentaBancariaRepositoryImpl:35 - Transaccion activa: false
2022-08-15 11:15:35 INFO  CuentaBancariaRepositoryImpl:35 - Transaccion activa: false
2022-08-15 11:15:35 INFO  CuentaBancariaRepositoryImpl:35 - Transaccion activa: false
2022-08-15 11:15:35 INFO  CuentaBancariaRepositoryImpl:35 - Transaccion activa: false
2022-08-15 11:15:35 INFO  CuentaBancariaRepositoryImpl:35 - Transaccion activa: false
2022-08-15 11:15:35 INFO  CuentaBancariaRepositoryImpl:35 - Transaccion activa: false
2022-08-15 11:17:17 INFO  CuentaBancariaRepositoryImpl:35 - Transaccion activa: false
2022-08-15 11:17:18 INFO  CuentaBancariaRepositoryImpl:35 - Transaccion activa: false
2022-08-15 11:17:18 INFO  CuentaBancariaRepositoryImpl:35 - Transaccion activa: false
2022-08-15 11:17:18 INFO  CuentaBancariaRepositoryImpl:35 - Transaccion activa: false
2022-08-15 11:17:18 INFO  CuentaBancariaRepositoryImpl:35 - Transaccion activa: false
2022-08-15 11:17:18 INFO  CuentaBancariaRepositoryImpl:35 - Transaccion activa: false
2022-08-15 11:20:36 INFO  CuentaBancariaRepositoryImpl:35 - Transaccion activa: false
2022-08-15 11:20:36 INFO  CuentaBancariaRepositoryImpl:35 - Transaccion activa: false
2022-08-15 11:20:36 INFO  CuentaBancariaRepositoryImpl:35 - Transaccion activa: false
2022-08-15 11:20:36 INFO  CuentaBancariaRepositoryImpl:35 - Transaccion activa: false
2022-08-15 11:20:36 INFO  CuentaBancariaRepositoryImpl:35 - Transaccion activa: false
2022-08-15 11:20:36 INFO  CuentaBancariaRepositoryImpl:35 - Transaccion activa: false
2022-08-15 11:23:49 INFO  CuentaBancariaRepositoryImpl:35 - Transaccion activa: false
2022-08-15 11:23:49 INFO  CuentaBancariaRepositoryImpl:35 - Transaccion activa: false
2022-08-15 11:23:49 INFO  CuentaBancariaRepositoryImpl:35 - Transaccion activa: false
2022-08-15 11:23:49 INFO  CuentaBancariaRepositoryImpl:35 - Transaccion activa: false
2022-08-15 11:23:49 INFO  CuentaBancariaRepositoryImpl:35 - Transaccion activa: false
2022-08-15 11:23:49 INFO  CuentaBancariaRepositoryImpl:35 - Transaccion activa: false
2022-08-15 11:25:22 INFO  CuentaBancariaRepositoryImpl:35 - Transaccion activa: false
2022-08-15 11:25:22 INFO  CuentaBancariaRepositoryImpl:35 - Transaccion activa: false
2022-08-15 11:25:22 INFO  CuentaBancariaRepositoryImpl:35 - Transaccion activa: false
2022-08-15 11:25:22 INFO  CuentaBancariaRepositoryImpl:35 - Transaccion activa: false
2022-08-15 11:25:22 INFO  CuentaBancariaRepositoryImpl:35 - Transaccion activa: false
2022-08-15 11:25:22 INFO  CuentaBancariaRepositoryImpl:35 - Transaccion activa: false
2022-08-15 11:25:36 INFO  CuentaBancariaRepositoryImpl:35 - Transaccion activa: false
2022-08-15 11:25:36 INFO  CuentaBancariaRepositoryImpl:35 - Transaccion activa: false
2022-08-15 11:25:36 INFO  CuentaBancariaRepositoryImpl:35 - Transaccion activa: false
2022-08-15 11:25:36 INFO  CuentaBancariaRepositoryImpl:35 - Transaccion activa: false
2022-08-15 11:25:36 INFO  CuentaBancariaRepositoryImpl:35 - Transaccion activa: false
2022-08-15 11:25:36 INFO  CuentaBancariaRepositoryImpl:35 - Transaccion activa: false
2022-08-15 11:27:06 INFO  CuentaBancariaRepositoryImpl:35 - Transaccion activa: false
2022-08-15 11:27:06 INFO  CuentaBancariaRepositoryImpl:35 - Transaccion activa: false
2022-08-15 11:27:06 INFO  CuentaBancariaRepositoryImpl:35 - Transaccion activa: false
2022-08-15 11:27:06 INFO  CuentaBancariaRepositoryImpl:35 - Transaccion activa: false
2022-08-15 11:27:06 INFO  CuentaBancariaRepositoryImpl:35 - Transaccion activa: false
2022-08-15 11:27:06 INFO  CuentaBancariaRepositoryImpl:35 - Transaccion activa: false
2022-08-15 11:28:30 INFO  CuentaBancariaRepositoryImpl:35 - Transaccion activa: false
2022-08-15 11:28:30 INFO  CuentaBancariaRepositoryImpl:35 - Transaccion activa: false
2022-08-15 11:28:30 INFO  CuentaBancariaRepositoryImpl:35 - Transaccion activa: false
2022-08-15 11:28:30 INFO  CuentaBancariaRepositoryImpl:35 - Transaccion activa: false
2022-08-15 11:28:30 INFO  CuentaBancariaRepositoryImpl:35 - Transaccion activa: false
2022-08-15 11:28:30 INFO  CuentaBancariaRepositoryImpl:35 - Transaccion activa: false
2022-08-15 18:20:21 INFO  CuentaBancariaRepositoryImpl:35 - Transaccion activa: false
2022-08-15 18:20:22 INFO  CuentaBancariaRepositoryImpl:35 - Transaccion activa: false
2022-08-15 18:20:22 INFO  CuentaBancariaRepositoryImpl:35 - Transaccion activa: false
2022-08-15 18:20:22 INFO  CuentaBancariaRepositoryImpl:35 - Transaccion activa: false
2022-08-15 18:20:22 INFO  CuentaBancariaRepositoryImpl:35 - Transaccion activa: false
2022-08-15 18:20:22 INFO  CuentaBancariaRepositoryImpl:35 - Transaccion activa: false
2022-08-15 18:20:42 INFO  CuentaBancariaRepositoryImpl:35 - Transaccion activa: false
2022-08-15 18:20:42 INFO  CuentaBancariaRepositoryImpl:35 - Transaccion activa: false
2022-08-15 18:20:42 INFO  CuentaBancariaRepositoryImpl:35 - Transaccion activa: false
2022-08-15 18:20:42 INFO  CuentaBancariaRepositoryImpl:35 - Transaccion activa: false
2022-08-15 18:20:42 INFO  CuentaBancariaRepositoryImpl:35 - Transaccion activa: false
2022-08-15 18:20:42 INFO  CuentaBancariaRepositoryImpl:35 - Transaccion activa: false
2022-08-15 18:33:51 INFO  CuentaBancariaRepositoryImpl:35 - Transaccion activa: false
2022-08-15 18:33:51 INFO  CuentaBancariaRepositoryImpl:35 - Transaccion activa: false
2022-08-15 18:33:51 INFO  CuentaBancariaRepositoryImpl:35 - Transaccion activa: false
2022-08-15 18:33:51 INFO  CuentaBancariaRepositoryImpl:35 - Transaccion activa: false
2022-08-15 18:33:51 INFO  CuentaBancariaRepositoryImpl:35 - Transaccion activa: false
2022-08-15 18:33:51 INFO  CuentaBancariaRepositoryImpl:35 - Transaccion activa: false
2022-08-15 18:35:39 INFO  CuentaBancariaRepositoryImpl:35 - Transaccion activa: false
2022-08-15 18:35:39 INFO  CuentaBancariaRepositoryImpl:35 - Transaccion activa: false
2022-08-15 18:35:39 INFO  CuentaBancariaRepositoryImpl:35 - Transaccion activa: false
2022-08-15 18:35:39 INFO  CuentaBancariaRepositoryImpl:35 - Transaccion activa: false
2022-08-15 18:35:39 INFO  CuentaBancariaRepositoryImpl:35 - Transaccion activa: false
2022-08-15 18:35:39 INFO  CuentaBancariaRepositoryImpl:35 - Transaccion activa: false
2022-08-15 18:37:24 INFO  CuentaBancariaRepositoryImpl:35 - Transaccion activa: false
2022-08-15 18:37:24 INFO  CuentaBancariaRepositoryImpl:35 - Transaccion activa: false
2022-08-15 18:37:24 INFO  CuentaBancariaRepositoryImpl:35 - Transaccion activa: false
2022-08-15 18:37:24 INFO  CuentaBancariaRepositoryImpl:35 - Transaccion activa: false
2022-08-15 18:37:24 INFO  CuentaBancariaRepositoryImpl:35 - Transaccion activa: false
2022-08-15 18:37:24 INFO  CuentaBancariaRepositoryImpl:35 - Transaccion activa: false
2022-08-15 18:38:12 INFO  CuentaBancariaRepositoryImpl:35 - Transaccion activa: false
2022-08-15 18:38:12 INFO  CuentaBancariaRepositoryImpl:35 - Transaccion activa: false
2022-08-15 18:38:12 INFO  CuentaBancariaRepositoryImpl:35 - Transaccion activa: false
2022-08-15 18:38:12 INFO  CuentaBancariaRepositoryImpl:35 - Transaccion activa: false
2022-08-15 18:38:12 INFO  CuentaBancariaRepositoryImpl:35 - Transaccion activa: false
2022-08-15 18:38:12 INFO  CuentaBancariaRepositoryImpl:35 - Transaccion activa: false
2022-08-15 18:38:54 INFO  CuentaBancariaRepositoryImpl:35 - Transaccion activa: false
2022-08-15 18:38:54 INFO  CuentaBancariaRepositoryImpl:35 - Transaccion activa: false
2022-08-15 18:38:54 INFO  CuentaBancariaRepositoryImpl:35 - Transaccion activa: false
2022-08-15 18:38:54 INFO  CuentaBancariaRepositoryImpl:35 - Transaccion activa: false
2022-08-15 18:38:55 INFO  CuentaBancariaRepositoryImpl:35 - Transaccion activa: false
2022-08-15 18:38:55 INFO  CuentaBancariaRepositoryImpl:35 - Transaccion activa: false
2022-08-15 18:39:50 INFO  CuentaBancariaRepositoryImpl:35 - Transaccion activa: false
2022-08-15 18:39:50 INFO  CuentaBancariaRepositoryImpl:35 - Transaccion activa: false
2022-08-15 18:39:50 INFO  CuentaBancariaRepositoryImpl:35 - Transaccion activa: false
2022-08-15 18:39:50 INFO  CuentaBancariaRepositoryImpl:35 - Transaccion activa: false
2022-08-15 18:39:50 INFO  CuentaBancariaRepositoryImpl:35 - Transaccion activa: false
2022-08-15 18:39:50 INFO  CuentaBancariaRepositoryImpl:35 - Transaccion activa: false
2022-08-15 18:44:05 INFO  CuentaBancariaRepositoryImpl:35 - Transaccion activa: false
2022-08-15 18:44:06 INFO  CuentaBancariaRepositoryImpl:35 - Transaccion activa: false
2022-08-15 18:44:06 INFO  CuentaBancariaRepositoryImpl:35 - Transaccion activa: false
2022-08-15 18:44:06 INFO  CuentaBancariaRepositoryImpl:35 - Transaccion activa: false
2022-08-15 18:44:06 INFO  CuentaBancariaRepositoryImpl:35 - Transaccion activa: false
2022-08-15 18:44:06 INFO  CuentaBancariaRepositoryImpl:35 - Transaccion activa: false
2022-08-15 18:44:16 INFO  CuentaBancariaRepositoryImpl:35 - Transaccion activa: false
2022-08-15 18:44:16 INFO  CuentaBancariaRepositoryImpl:35 - Transaccion activa: false
2022-08-15 18:44:16 INFO  CuentaBancariaRepositoryImpl:35 - Transaccion activa: false
2022-08-15 18:44:16 INFO  CuentaBancariaRepositoryImpl:35 - Transaccion activa: false
2022-08-15 18:44:16 INFO  CuentaBancariaRepositoryImpl:35 - Transaccion activa: false
2022-08-15 18:44:16 INFO  CuentaBancariaRepositoryImpl:35 - Transaccion activa: false
2022-08-15 18:44:41 INFO  CuentaBancariaRepositoryImpl:35 - Transaccion activa: false
2022-08-15 18:44:41 INFO  CuentaBancariaRepositoryImpl:35 - Transaccion activa: false
2022-08-15 18:44:41 INFO  CuentaBancariaRepositoryImpl:35 - Transaccion activa: false
2022-08-15 18:44:41 INFO  CuentaBancariaRepositoryImpl:35 - Transaccion activa: false
2022-08-15 18:44:41 INFO  CuentaBancariaRepositoryImpl:35 - Transaccion activa: false
2022-08-15 18:44:41 INFO  CuentaBancariaRepositoryImpl:35 - Transaccion activa: false
2022-08-15 18:45:47 INFO  CuentaBancariaRepositoryImpl:35 - Transaccion activa: false
2022-08-15 18:45:47 INFO  CuentaBancariaRepositoryImpl:35 - Transaccion activa: false
2022-08-15 18:45:47 INFO  CuentaBancariaRepositoryImpl:35 - Transaccion activa: false
2022-08-15 18:45:47 INFO  CuentaBancariaRepositoryImpl:35 - Transaccion activa: false
2022-08-15 18:45:47 INFO  CuentaBancariaRepositoryImpl:35 - Transaccion activa: false
2022-08-15 18:45:47 INFO  CuentaBancariaRepositoryImpl:35 - Transaccion activa: false
2022-08-15 18:46:16 INFO  CuentaBancariaRepositoryImpl:35 - Transaccion activa: false
2022-08-15 18:46:16 INFO  CuentaBancariaRepositoryImpl:35 - Transaccion activa: false
2022-08-15 18:46:16 INFO  CuentaBancariaRepositoryImpl:35 - Transaccion activa: false
2022-08-15 18:46:16 INFO  CuentaBancariaRepositoryImpl:35 - Transaccion activa: false
2022-08-15 18:46:16 INFO  CuentaBancariaRepositoryImpl:35 - Transaccion activa: false
2022-08-15 18:46:16 INFO  CuentaBancariaRepositoryImpl:35 - Transaccion activa: false
2022-08-15 19:14:32 INFO  CuentaBancariaRepositoryImpl:35 - Transaccion activa: false
2022-08-15 19:14:32 INFO  CuentaBancariaRepositoryImpl:35 - Transaccion activa: false
2022-08-15 19:14:32 INFO  CuentaBancariaRepositoryImpl:35 - Transaccion activa: false
2022-08-15 19:14:32 INFO  CuentaBancariaRepositoryImpl:35 - Transaccion activa: false
2022-08-15 19:14:32 INFO  CuentaBancariaRepositoryImpl:35 - Transaccion activa: false
2022-08-15 19:14:32 INFO  CuentaBancariaRepositoryImpl:35 - Transaccion activa: false
2022-08-15 19:14:50 INFO  CuentaBancariaRepositoryImpl:35 - Transaccion activa: false
2022-08-15 19:14:50 INFO  CuentaBancariaRepositoryImpl:35 - Transaccion activa: false
2022-08-15 19:14:50 INFO  CuentaBancariaRepositoryImpl:35 - Transaccion activa: false
2022-08-15 19:14:50 INFO  CuentaBancariaRepositoryImpl:35 - Transaccion activa: false
2022-08-15 19:14:50 INFO  CuentaBancariaRepositoryImpl:35 - Transaccion activa: false
2022-08-15 19:14:50 INFO  CuentaBancariaRepositoryImpl:35 - Transaccion activa: false
2022-08-15 19:35:19 INFO  CuentaBancariaRepositoryImpl:35 - Transaccion activa: false
2022-08-15 19:35:19 INFO  CuentaBancariaRepositoryImpl:35 - Transaccion activa: false
2022-08-15 19:35:19 INFO  CuentaBancariaRepositoryImpl:35 - Transaccion activa: false
2022-08-15 19:35:19 INFO  CuentaBancariaRepositoryImpl:35 - Transaccion activa: false
2022-08-15 19:35:19 INFO  CuentaBancariaRepositoryImpl:35 - Transaccion activa: false
2022-08-15 19:41:58 INFO  CuentaBancariaRepositoryImpl:35 - Transaccion activa: true
2022-08-15 19:41:58 INFO  CuentaBancariaRepositoryImpl:35 - Transaccion activa: true
2022-08-15 19:41:58 INFO  CuentaBancariaRepositoryImpl:35 - Transaccion activa: true
2022-08-15 19:41:58 INFO  CuentaBancariaRepositoryImpl:35 - Transaccion activa: true
2022-08-15 19:41:58 INFO  CuentaBancariaRepositoryImpl:35 - Transaccion activa: true
2022-08-15 19:43:19 INFO  CuentaBancariaRepositoryImpl:35 - Transaccion activa: true
2022-08-15 19:43:19 INFO  CuentaBancariaRepositoryImpl:35 - Transaccion activa: true
2022-08-15 19:43:19 INFO  CuentaBancariaRepositoryImpl:35 - Transaccion activa: true
2022-08-15 19:43:19 INFO  CuentaBancariaRepositoryImpl:35 - Transaccion activa: true
2022-08-15 19:43:19 INFO  CuentaBancariaRepositoryImpl:35 - Transaccion activa: true
2022-08-15 19:44:46 INFO  CuentaBancariaRepositoryImpl:35 - Transaccion activa: true
2022-08-15 19:44:46 INFO  CuentaBancariaRepositoryImpl:35 - Transaccion activa: true
2022-08-15 19:44:46 INFO  CuentaBancariaRepositoryImpl:35 - Transaccion activa: true
2022-08-15 19:44:46 INFO  CuentaBancariaRepositoryImpl:35 - Transaccion activa: true
2022-08-15 19:44:46 INFO  CuentaBancariaRepositoryImpl:35 - Transaccion activa: true
2022-08-15 19:45:00 INFO  CuentaBancariaRepositoryImpl:35 - Transaccion activa: true
2022-08-15 19:45:00 INFO  CuentaBancariaRepositoryImpl:35 - Transaccion activa: true
2022-08-15 19:45:00 INFO  CuentaBancariaRepositoryImpl:35 - Transaccion activa: true
2022-08-15 19:45:00 INFO  CuentaBancariaRepositoryImpl:35 - Transaccion activa: true
2022-08-15 19:45:00 INFO  CuentaBancariaRepositoryImpl:35 - Transaccion activa: true
2022-08-15 19:45:43 INFO  CuentaBancariaRepositoryImpl:35 - Transaccion activa: true
2022-08-15 19:45:43 INFO  CuentaBancariaRepositoryImpl:35 - Transaccion activa: true
2022-08-15 19:45:43 INFO  CuentaBancariaRepositoryImpl:35 - Transaccion activa: true
2022-08-15 19:45:43 INFO  CuentaBancariaRepositoryImpl:35 - Transaccion activa: true
2022-08-15 19:45:43 INFO  CuentaBancariaRepositoryImpl:35 - Transaccion activa: true
2022-08-15 19:46:10 INFO  CuentaBancariaRepositoryImpl:35 - Transaccion activa: true
2022-08-15 19:46:10 INFO  CuentaBancariaRepositoryImpl:35 - Transaccion activa: true
2022-08-15 19:46:10 INFO  CuentaBancariaRepositoryImpl:35 - Transaccion activa: true
2022-08-15 19:46:10 INFO  CuentaBancariaRepositoryImpl:35 - Transaccion activa: true
2022-08-15 19:46:10 INFO  CuentaBancariaRepositoryImpl:35 - Transaccion activa: true
2022-08-15 19:47:19 INFO  CuentaBancariaRepositoryImpl:35 - Transaccion activa: true
2022-08-15 19:47:19 INFO  CuentaBancariaRepositoryImpl:35 - Transaccion activa: true
2022-08-15 19:47:19 INFO  CuentaBancariaRepositoryImpl:35 - Transaccion activa: true
2022-08-15 19:47:19 INFO  CuentaBancariaRepositoryImpl:35 - Transaccion activa: true
2022-08-15 19:47:19 INFO  CuentaBancariaRepositoryImpl:35 - Transaccion activa: true
2022-08-15 19:47:44 INFO  CuentaBancariaRepositoryImpl:35 - Transaccion activa: true
2022-08-15 19:47:45 INFO  CuentaBancariaRepositoryImpl:35 - Transaccion activa: true
2022-08-15 19:47:45 INFO  CuentaBancariaRepositoryImpl:35 - Transaccion activa: true
2022-08-15 19:47:45 INFO  CuentaBancariaRepositoryImpl:35 - Transaccion activa: true
2022-08-15 19:47:45 INFO  CuentaBancariaRepositoryImpl:35 - Transaccion activa: true
2022-08-15 19:48:07 INFO  CuentaBancariaRepositoryImpl:35 - Transaccion activa: true
2022-08-15 19:48:07 INFO  CuentaBancariaRepositoryImpl:35 - Transaccion activa: true
2022-08-15 19:48:07 INFO  CuentaBancariaRepositoryImpl:35 - Transaccion activa: true
2022-08-15 19:48:08 INFO  CuentaBancariaRepositoryImpl:35 - Transaccion activa: true
2022-08-15 19:48:08 INFO  CuentaBancariaRepositoryImpl:35 - Transaccion activa: true
2022-08-15 19:48:32 INFO  CuentaBancariaRepositoryImpl:35 - Transaccion activa: true
2022-08-15 19:48:32 INFO  CuentaBancariaRepositoryImpl:35 - Transaccion activa: true
2022-08-15 19:48:32 INFO  CuentaBancariaRepositoryImpl:35 - Transaccion activa: true
2022-08-15 19:48:32 INFO  CuentaBancariaRepositoryImpl:35 - Transaccion activa: true
2022-08-15 19:48:32 INFO  CuentaBancariaRepositoryImpl:35 - Transaccion activa: true
2022-08-15 19:48:57 INFO  CuentaBancariaRepositoryImpl:35 - Transaccion activa: true
2022-08-15 19:48:57 INFO  CuentaBancariaRepositoryImpl:35 - Transaccion activa: true
2022-08-15 19:48:57 INFO  CuentaBancariaRepositoryImpl:35 - Transaccion activa: true
2022-08-15 19:48:57 INFO  CuentaBancariaRepositoryImpl:35 - Transaccion activa: true
2022-08-15 19:48:57 INFO  CuentaBancariaRepositoryImpl:35 - Transaccion activa: true
2022-08-15 19:49:37 INFO  CuentaBancariaRepositoryImpl:35 - Transaccion activa: true
2022-08-15 19:49:37 INFO  CuentaBancariaRepositoryImpl:35 - Transaccion activa: true
2022-08-15 19:49:37 INFO  CuentaBancariaRepositoryImpl:35 - Transaccion activa: true
2022-08-15 19:49:37 INFO  CuentaBancariaRepositoryImpl:35 - Transaccion activa: true
2022-08-15 19:49:37 INFO  CuentaBancariaRepositoryImpl:35 - Transaccion activa: true
2022-08-15 19:50:08 INFO  CuentaBancariaRepositoryImpl:35 - Transaccion activa: true
2022-08-15 19:50:08 INFO  CuentaBancariaRepositoryImpl:35 - Transaccion activa: true
2022-08-15 19:50:08 INFO  CuentaBancariaRepositoryImpl:35 - Transaccion activa: true
2022-08-15 19:50:08 INFO  CuentaBancariaRepositoryImpl:35 - Transaccion activa: true
2022-08-15 19:50:08 INFO  CuentaBancariaRepositoryImpl:35 - Transaccion activa: true
2022-08-15 19:51:02 INFO  CuentaBancariaRepositoryImpl:35 - Transaccion activa: true
2022-08-15 19:51:02 INFO  CuentaBancariaRepositoryImpl:35 - Transaccion activa: true
2022-08-15 19:51:02 INFO  CuentaBancariaRepositoryImpl:35 - Transaccion activa: true
2022-08-15 19:51:02 INFO  CuentaBancariaRepositoryImpl:35 - Transaccion activa: true
2022-08-15 19:51:02 INFO  CuentaBancariaRepositoryImpl:35 - Transaccion activa: true
2022-08-15 19:51:52 INFO  CuentaBancariaRepositoryImpl:35 - Transaccion activa: true
2022-08-15 19:51:52 INFO  CuentaBancariaRepositoryImpl:35 - Transaccion activa: true
2022-08-15 19:51:52 INFO  CuentaBancariaRepositoryImpl:35 - Transaccion activa: true
2022-08-15 19:51:52 INFO  CuentaBancariaRepositoryImpl:35 - Transaccion activa: true
2022-08-15 19:51:52 INFO  CuentaBancariaRepositoryImpl:35 - Transaccion activa: true
2022-08-15 19:52:03 INFO  CuentaBancariaRepositoryImpl:35 - Transaccion activa: true
2022-08-15 19:52:03 INFO  CuentaBancariaRepositoryImpl:35 - Transaccion activa: true
2022-08-15 19:52:03 INFO  CuentaBancariaRepositoryImpl:35 - Transaccion activa: true
2022-08-15 19:52:03 INFO  CuentaBancariaRepositoryImpl:35 - Transaccion activa: true
2022-08-15 19:52:03 INFO  CuentaBancariaRepositoryImpl:35 - Transaccion activa: true
2022-08-15 19:52:33 INFO  CuentaBancariaRepositoryImpl:35 - Transaccion activa: true
2022-08-15 19:52:33 INFO  CuentaBancariaRepositoryImpl:35 - Transaccion activa: true
2022-08-15 19:52:33 INFO  CuentaBancariaRepositoryImpl:35 - Transaccion activa: true
2022-08-15 19:52:33 INFO  CuentaBancariaRepositoryImpl:35 - Transaccion activa: true
2022-08-15 19:52:33 INFO  CuentaBancariaRepositoryImpl:35 - Transaccion activa: true
2022-08-15 19:52:51 INFO  CuentaBancariaRepositoryImpl:35 - Transaccion activa: true
2022-08-15 19:52:51 INFO  CuentaBancariaRepositoryImpl:35 - Transaccion activa: true
2022-08-15 19:52:52 INFO  CuentaBancariaRepositoryImpl:35 - Transaccion activa: true
2022-08-15 19:52:52 INFO  CuentaBancariaRepositoryImpl:35 - Transaccion activa: true
2022-08-15 19:52:52 INFO  CuentaBancariaRepositoryImpl:35 - Transaccion activa: true
2022-08-15 19:54:07 INFO  CuentaBancariaRepositoryImpl:35 - Transaccion activa: true
2022-08-15 19:54:07 INFO  CuentaBancariaRepositoryImpl:35 - Transaccion activa: true
2022-08-15 19:54:07 INFO  CuentaBancariaRepositoryImpl:35 - Transaccion activa: true
2022-08-15 19:54:07 INFO  CuentaBancariaRepositoryImpl:35 - Transaccion activa: true
2022-08-15 19:54:07 INFO  CuentaBancariaRepositoryImpl:35 - Transaccion activa: true
2022-08-15 19:54:07 INFO  CuentaBancariaRepositoryImpl:35 - Transaccion activa: true
2022-08-15 19:54:21 INFO  CuentaBancariaRepositoryImpl:35 - Transaccion activa: true
2022-08-15 19:54:22 INFO  CuentaBancariaRepositoryImpl:35 - Transaccion activa: true
2022-08-15 19:54:22 INFO  CuentaBancariaRepositoryImpl:35 - Transaccion activa: true
2022-08-15 19:54:22 INFO  CuentaBancariaRepositoryImpl:35 - Transaccion activa: true
2022-08-15 19:54:22 INFO  CuentaBancariaRepositoryImpl:35 - Transaccion activa: true
2022-08-15 19:54:22 INFO  CuentaBancariaRepositoryImpl:35 - Transaccion activa: true
2022-08-15 19:56:55 INFO  CuentaBancariaRepositoryImpl:35 - Transaccion activa: true
2022-08-15 19:56:55 INFO  CuentaBancariaRepositoryImpl:35 - Transaccion activa: true
2022-08-15 19:56:55 INFO  CuentaBancariaRepositoryImpl:35 - Transaccion activa: true
2022-08-15 19:56:56 INFO  CuentaBancariaRepositoryImpl:35 - Transaccion activa: true
2022-08-15 19:56:56 INFO  CuentaBancariaRepositoryImpl:35 - Transaccion activa: true
2022-08-15 19:56:56 INFO  CuentaBancariaRepositoryImpl:35 - Transaccion activa: true
2022-08-15 19:57:23 INFO  CuentaBancariaRepositoryImpl:35 - Transaccion activa: true
2022-08-15 19:57:23 INFO  CuentaBancariaRepositoryImpl:35 - Transaccion activa: true
2022-08-15 19:57:23 INFO  CuentaBancariaRepositoryImpl:35 - Transaccion activa: true
2022-08-15 19:57:23 INFO  CuentaBancariaRepositoryImpl:35 - Transaccion activa: true
2022-08-15 19:57:23 INFO  CuentaBancariaRepositoryImpl:35 - Transaccion activa: true
2022-08-15 19:57:23 INFO  CuentaBancariaRepositoryImpl:35 - Transaccion activa: true
2022-08-15 19:57:55 INFO  CuentaBancariaRepositoryImpl:35 - Transaccion activa: true
2022-08-15 19:57:55 INFO  CuentaBancariaRepositoryImpl:35 - Transaccion activa: true
2022-08-15 19:57:55 INFO  CuentaBancariaRepositoryImpl:35 - Transaccion activa: true
2022-08-15 19:57:55 INFO  CuentaBancariaRepositoryImpl:35 - Transaccion activa: true
2022-08-15 19:57:55 INFO  CuentaBancariaRepositoryImpl:35 - Transaccion activa: true
2022-08-15 19:57:55 INFO  CuentaBancariaRepositoryImpl:35 - Transaccion activa: true
2022-08-15 20:05:53 INFO  CuentaBancariaRepositoryImpl:35 - Transaccion activa: true
2022-08-15 20:05:53 INFO  CuentaBancariaRepositoryImpl:35 - Transaccion activa: true
2022-08-15 20:05:53 INFO  CuentaBancariaRepositoryImpl:35 - Transaccion activa: true
2022-08-15 20:05:53 INFO  CuentaBancariaRepositoryImpl:35 - Transaccion activa: true
2022-08-15 20:05:53 INFO  CuentaBancariaRepositoryImpl:35 - Transaccion activa: true
2022-08-15 20:05:53 INFO  CuentaBancariaRepositoryImpl:35 - Transaccion activa: true
2022-08-15 20:06:06 INFO  CuentaBancariaRepositoryImpl:35 - Transaccion activa: true
2022-08-15 20:06:06 INFO  CuentaBancariaRepositoryImpl:35 - Transaccion activa: true
2022-08-15 20:06:06 INFO  CuentaBancariaRepositoryImpl:35 - Transaccion activa: true
2022-08-15 20:06:06 INFO  CuentaBancariaRepositoryImpl:35 - Transaccion activa: true
2022-08-15 20:06:06 INFO  CuentaBancariaRepositoryImpl:35 - Transaccion activa: true
2022-08-15 20:06:06 INFO  CuentaBancariaRepositoryImpl:35 - Transaccion activa: true
2022-08-16 18:39:46 INFO  CuentaBancariaRepositoryImpl:35 - Transaccion activa: true
2022-08-16 18:39:46 INFO  CuentaBancariaRepositoryImpl:35 - Transaccion activa: true
2022-08-16 18:39:46 INFO  CuentaBancariaRepositoryImpl:35 - Transaccion activa: true
2022-08-16 18:39:46 INFO  CuentaBancariaRepositoryImpl:35 - Transaccion activa: true
2022-08-16 18:39:46 INFO  CuentaBancariaRepositoryImpl:35 - Transaccion activa: true
2022-08-16 18:39:46 INFO  CuentaBancariaRepositoryImpl:35 - Transaccion activa: true
2022-08-16 18:40:03 INFO  CuentaBancariaRepositoryImpl:35 - Transaccion activa: true
2022-08-16 18:40:03 INFO  CuentaBancariaRepositoryImpl:35 - Transaccion activa: true
2022-08-16 18:40:03 INFO  CuentaBancariaRepositoryImpl:35 - Transaccion activa: true
2022-08-16 18:40:03 INFO  CuentaBancariaRepositoryImpl:35 - Transaccion activa: true
2022-08-16 18:40:03 INFO  CuentaBancariaRepositoryImpl:35 - Transaccion activa: true
2022-08-16 18:40:03 INFO  CuentaBancariaRepositoryImpl:35 - Transaccion activa: true
2022-08-16 18:41:26 INFO  CuentaBancariaRepositoryImpl:35 - Transaccion activa: true
2022-08-16 18:41:26 INFO  CuentaBancariaRepositoryImpl:35 - Transaccion activa: true
2022-08-16 18:41:26 INFO  CuentaBancariaRepositoryImpl:35 - Transaccion activa: true
2022-08-16 18:41:26 INFO  CuentaBancariaRepositoryImpl:35 - Transaccion activa: true
2022-08-16 18:41:26 INFO  CuentaBancariaRepositoryImpl:35 - Transaccion activa: true
2022-08-16 18:41:26 INFO  CuentaBancariaRepositoryImpl:35 - Transaccion activa: true
2022-08-16 18:41:45 INFO  CuentaBancariaRepositoryImpl:35 - Transaccion activa: true
2022-08-16 18:41:45 INFO  CuentaBancariaRepositoryImpl:35 - Transaccion activa: true
2022-08-16 18:41:45 INFO  CuentaBancariaRepositoryImpl:35 - Transaccion activa: true
2022-08-16 18:41:45 INFO  CuentaBancariaRepositoryImpl:35 - Transaccion activa: true
2022-08-16 18:41:45 INFO  CuentaBancariaRepositoryImpl:35 - Transaccion activa: true
2022-08-16 18:41:45 INFO  CuentaBancariaRepositoryImpl:35 - Transaccion activa: true
2022-08-16 18:44:19 INFO  CuentaBancariaRepositoryImpl:35 - Transaccion activa: true
2022-08-16 18:44:19 INFO  CuentaBancariaRepositoryImpl:35 - Transaccion activa: true
2022-08-16 18:44:19 INFO  CuentaBancariaRepositoryImpl:35 - Transaccion activa: true
2022-08-16 18:44:19 INFO  CuentaBancariaRepositoryImpl:35 - Transaccion activa: true
2022-08-16 18:44:19 INFO  CuentaBancariaRepositoryImpl:35 - Transaccion activa: true
2022-08-16 18:44:19 INFO  CuentaBancariaRepositoryImpl:35 - Transaccion activa: true
2022-08-16 18:45:25 INFO  CuentaBancariaRepositoryImpl:35 - Transaccion activa: true
2022-08-16 18:45:25 INFO  CuentaBancariaRepositoryImpl:35 - Transaccion activa: true
2022-08-16 18:45:25 INFO  CuentaBancariaRepositoryImpl:35 - Transaccion activa: true
2022-08-16 18:45:25 INFO  CuentaBancariaRepositoryImpl:35 - Transaccion activa: true
2022-08-16 18:45:25 INFO  CuentaBancariaRepositoryImpl:35 - Transaccion activa: true
2022-08-16 18:45:25 INFO  CuentaBancariaRepositoryImpl:35 - Transaccion activa: true
2022-08-16 18:45:49 INFO  CuentaBancariaRepositoryImpl:35 - Transaccion activa: true
2022-08-16 18:45:49 INFO  CuentaBancariaRepositoryImpl:35 - Transaccion activa: true
2022-08-16 18:45:49 INFO  CuentaBancariaRepositoryImpl:35 - Transaccion activa: true
2022-08-16 18:45:49 INFO  CuentaBancariaRepositoryImpl:35 - Transaccion activa: true
2022-08-16 18:45:49 INFO  CuentaBancariaRepositoryImpl:35 - Transaccion activa: true
2022-08-16 18:45:49 INFO  CuentaBancariaRepositoryImpl:35 - Transaccion activa: true
2022-08-16 18:46:00 INFO  CuentaBancariaRepositoryImpl:35 - Transaccion activa: true
2022-08-16 18:46:00 INFO  CuentaBancariaRepositoryImpl:35 - Transaccion activa: true
2022-08-16 18:46:00 INFO  CuentaBancariaRepositoryImpl:35 - Transaccion activa: true
2022-08-16 18:46:00 INFO  CuentaBancariaRepositoryImpl:35 - Transaccion activa: true
2022-08-16 18:46:00 INFO  CuentaBancariaRepositoryImpl:35 - Transaccion activa: true
2022-08-16 18:46:00 INFO  CuentaBancariaRepositoryImpl:35 - Transaccion activa: true
2022-08-16 18:46:56 INFO  CuentaBancariaRepositoryImpl:35 - Transaccion activa: true
2022-08-16 18:46:56 INFO  CuentaBancariaRepositoryImpl:35 - Transaccion activa: true
2022-08-16 18:46:56 INFO  CuentaBancariaRepositoryImpl:35 - Transaccion activa: true
2022-08-16 18:46:56 INFO  CuentaBancariaRepositoryImpl:35 - Transaccion activa: true
2022-08-16 18:46:56 INFO  CuentaBancariaRepositoryImpl:35 - Transaccion activa: true
2022-08-16 18:46:56 INFO  CuentaBancariaRepositoryImpl:35 - Transaccion activa: true
2022-08-16 18:47:41 INFO  CuentaBancariaRepositoryImpl:35 - Transaccion activa: true
2022-08-16 18:47:41 INFO  CuentaBancariaRepositoryImpl:35 - Transaccion activa: true
2022-08-16 18:47:41 INFO  CuentaBancariaRepositoryImpl:35 - Transaccion activa: true
2022-08-16 18:47:41 INFO  CuentaBancariaRepositoryImpl:35 - Transaccion activa: true
2022-08-16 18:47:41 INFO  CuentaBancariaRepositoryImpl:35 - Transaccion activa: true
2022-08-16 18:47:41 INFO  CuentaBancariaRepositoryImpl:35 - Transaccion activa: true
2022-08-16 18:47:51 INFO  CuentaBancariaRepositoryImpl:35 - Transaccion activa: true
2022-08-16 18:47:51 INFO  CuentaBancariaRepositoryImpl:35 - Transaccion activa: true
2022-08-16 18:47:51 INFO  CuentaBancariaRepositoryImpl:35 - Transaccion activa: true
2022-08-16 18:47:51 INFO  CuentaBancariaRepositoryImpl:35 - Transaccion activa: true
2022-08-16 18:47:51 INFO  CuentaBancariaRepositoryImpl:35 - Transaccion activa: true
2022-08-16 18:47:51 INFO  CuentaBancariaRepositoryImpl:35 - Transaccion activa: true
2022-08-16 18:48:16 INFO  CuentaBancariaRepositoryImpl:35 - Transaccion activa: true
2022-08-16 18:48:16 INFO  CuentaBancariaRepositoryImpl:35 - Transaccion activa: true
2022-08-16 18:48:16 INFO  CuentaBancariaRepositoryImpl:35 - Transaccion activa: true
2022-08-16 18:48:16 INFO  CuentaBancariaRepositoryImpl:35 - Transaccion activa: true
2022-08-16 18:48:16 INFO  CuentaBancariaRepositoryImpl:35 - Transaccion activa: true
2022-08-16 18:48:16 INFO  CuentaBancariaRepositoryImpl:35 - Transaccion activa: true
2022-08-16 19:14:45 INFO  CuentaBancariaRepositoryImpl:35 - Transaccion activa: true
2022-08-16 19:14:45 INFO  CuentaBancariaRepositoryImpl:35 - Transaccion activa: true
2022-08-16 19:14:45 INFO  CuentaBancariaRepositoryImpl:35 - Transaccion activa: true
2022-08-16 19:14:45 INFO  CuentaBancariaRepositoryImpl:35 - Transaccion activa: true
2022-08-16 19:14:45 INFO  CuentaBancariaRepositoryImpl:35 - Transaccion activa: true
2022-08-16 19:14:45 INFO  CuentaBancariaRepositoryImpl:35 - Transaccion activa: true
2022-08-16 19:14:55 INFO  CuentaBancariaRepositoryImpl:35 - Transaccion activa: true
2022-08-16 19:14:55 INFO  CuentaBancariaRepositoryImpl:35 - Transaccion activa: true
2022-08-16 19:14:56 INFO  CuentaBancariaRepositoryImpl:35 - Transaccion activa: true
2022-08-16 19:14:56 INFO  CuentaBancariaRepositoryImpl:35 - Transaccion activa: true
2022-08-16 19:14:56 INFO  CuentaBancariaRepositoryImpl:35 - Transaccion activa: true
2022-08-16 19:14:56 INFO  CuentaBancariaRepositoryImpl:35 - Transaccion activa: true
2022-08-16 19:30:50 INFO  CuentaBancariaRepositoryImpl:35 - Transaccion activa: true
2022-08-16 19:30:50 INFO  CuentaBancariaRepositoryImpl:35 - Transaccion activa: true
2022-08-16 19:30:50 INFO  CuentaBancariaRepositoryImpl:35 - Transaccion activa: true
2022-08-16 19:31:23 INFO  CuentaBancariaRepositoryImpl:35 - Transaccion activa: true
2022-08-16 19:31:23 INFO  CuentaBancariaRepositoryImpl:35 - Transaccion activa: true
2022-08-16 19:31:23 INFO  CuentaBancariaRepositoryImpl:35 - Transaccion activa: true
2022-08-16 19:32:15 INFO  CuentaBancariaRepositoryImpl:35 - Transaccion activa: true
2022-08-16 19:32:15 INFO  CuentaBancariaRepositoryImpl:35 - Transaccion activa: true
2022-08-16 19:32:15 INFO  CuentaBancariaRepositoryImpl:35 - Transaccion activa: true
2022-08-16 19:32:32 INFO  CuentaBancariaRepositoryImpl:35 - Transaccion activa: true
2022-08-16 19:32:33 INFO  CuentaBancariaRepositoryImpl:35 - Transaccion activa: true
2022-08-16 19:32:33 INFO  CuentaBancariaRepositoryImpl:35 - Transaccion activa: true
2022-08-16 19:33:20 INFO  CuentaBancariaRepositoryImpl:35 - Transaccion activa: true
2022-08-16 19:33:20 INFO  CuentaBancariaRepositoryImpl:35 - Transaccion activa: true
2022-08-16 19:33:20 INFO  CuentaBancariaRepositoryImpl:35 - Transaccion activa: true
2022-08-19 19:28:57 INFO  CuentaBancariaRepositoryImpl:36 - Transaccion activa: false
2022-08-19 19:34:06 INFO  CuentaBancariaRepositoryImpl:36 - Transaccion activa: false
2022-08-19 19:47:26 INFO  CuentaBancariaRepositoryImpl:36 - Transaccion activa: false
2022-08-19 19:48:19 INFO  CuentaBancariaRepositoryImpl:36 - Transaccion activa: false
2022-08-19 19:50:42 INFO  CuentaBancariaRepositoryImpl:36 - Transaccion activa: false
2022-08-19 19:51:14 INFO  CuentaBancariaRepositoryImpl:36 - Transaccion activa: false
2022-08-19 19:51:14 INFO  CuentaBancariaRepositoryImpl:36 - Transaccion activa: false
2022-08-19 19:52:05 INFO  CuentaBancariaRepositoryImpl:36 - Transaccion activa: false
2022-08-19 19:52:05 INFO  CuentaBancariaRepositoryImpl:36 - Transaccion activa: false
2022-08-19 19:52:52 INFO  CuentaBancariaRepositoryImpl:36 - Transaccion activa: false
2022-08-19 19:52:52 INFO  CuentaBancariaRepositoryImpl:36 - Transaccion activa: false
2022-08-19 19:53:25 INFO  CuentaBancariaRepositoryImpl:36 - Transaccion activa: false
2022-08-19 19:53:25 INFO  CuentaBancariaRepositoryImpl:36 - Transaccion activa: false
2022-08-19 19:58:06 INFO  CuentaBancariaRepositoryImpl:36 - Transaccion activa: false
